[11-Apr-2026 22:12:01 Asia/Ho_Chi_Minh] === DEBUG INFO ===
[11-Apr-2026 22:12:01 Asia/Ho_Chi_Minh] Current file: /home/liprolog/public_html/lipro/quotations/add.php
[11-Apr-2026 22:12:01 Asia/Ho_Chi_Minh] Current dir: /home/liprolog/public_html/lipro/quotations
[11-Apr-2026 22:12:01 Asia/Ho_Chi_Minh] Log file: /home/liprolog/public_html/lipro/quotations/../logs/error.log
[11-Apr-2026 22:12:01 Asia/Ho_Chi_Minh] Is writable: YES
[11-Apr-2026 22:15:50 Asia/Ho_Chi_Minh] === DEBUG INFO ===
[11-Apr-2026 22:15:50 Asia/Ho_Chi_Minh] Current file: /home/liprolog/public_html/lipro/quotations/add.php
[11-Apr-2026 22:15:50 Asia/Ho_Chi_Minh] Current dir: /home/liprolog/public_html/lipro/quotations
[11-Apr-2026 22:15:50 Asia/Ho_Chi_Minh] Log file: /home/liprolog/public_html/lipro/quotations/../logs/error.log
[11-Apr-2026 22:15:50 Asia/Ho_Chi_Minh] Is writable: YES
[11-Apr-2026 22:15:59 Asia/Ho_Chi_Minh] === DEBUG INFO ===
[11-Apr-2026 22:15:59 Asia/Ho_Chi_Minh] Current file: /home/liprolog/public_html/lipro/quotations/add.php
[11-Apr-2026 22:15:59 Asia/Ho_Chi_Minh] Current dir: /home/liprolog/public_html/lipro/quotations
[11-Apr-2026 22:15:59 Asia/Ho_Chi_Minh] Log file: /home/liprolog/public_html/lipro/quotations/../logs/error.log
[11-Apr-2026 22:15:59 Asia/Ho_Chi_Minh] Is writable: YES
[11-Apr-2026 22:16:03 Asia/Ho_Chi_Minh] === DEBUG INFO ===
[11-Apr-2026 22:16:03 Asia/Ho_Chi_Minh] Current file: /home/liprolog/public_html/lipro/quotations/add.php
[11-Apr-2026 22:16:03 Asia/Ho_Chi_Minh] Current dir: /home/liprolog/public_html/lipro/quotations
[11-Apr-2026 22:16:03 Asia/Ho_Chi_Minh] Log file: /home/liprolog/public_html/lipro/quotations/../logs/error.log
[11-Apr-2026 22:16:03 Asia/Ho_Chi_Minh] Is writable: YES
[11-Apr-2026 22:19:06 Asia/Ho_Chi_Minh] === DEBUG INFO ===
[11-Apr-2026 22:19:06 Asia/Ho_Chi_Minh] Current file: /home/liprolog/public_html/lipro/quotations/add.php
[11-Apr-2026 22:19:06 Asia/Ho_Chi_Minh] Current dir: /home/liprolog/public_html/lipro/quotations
[11-Apr-2026 22:19:06 Asia/Ho_Chi_Minh] Log file: /home/liprolog/public_html/lipro/quotations/../logs/error.log
[11-Apr-2026 22:19:06 Asia/Ho_Chi_Minh] Is writable: YES
[11-Apr-2026 22:19:06 Asia/Ho_Chi_Minh] DEBUG: Variables to bind
[11-Apr-2026 22:19:06 Asia/Ho_Chi_Minh]   quotation_no: BG-2026-002 (s)
[11-Apr-2026 22:19:06 Asia/Ho_Chi_Minh]   customer_id: 71 (i)
[11-Apr-2026 22:19:06 Asia/Ho_Chi_Minh]   issue_date: 2026-04-11 (s)
[11-Apr-2026 22:19:06 Asia/Ho_Chi_Minh]   valid_until:  (s)
[11-Apr-2026 22:19:06 Asia/Ho_Chi_Minh]   currency: USD (s)
[11-Apr-2026 22:19:06 Asia/Ho_Chi_Minh]   exchange_rate: 1 (d)
[11-Apr-2026 22:19:06 Asia/Ho_Chi_Minh]   pol:  (s)
[11-Apr-2026 22:19:06 Asia/Ho_Chi_Minh]   pod:  (s)
[11-Apr-2026 22:19:06 Asia/Ho_Chi_Minh]   shipper:  (s)
[11-Apr-2026 22:19:06 Asia/Ho_Chi_Minh]   packages: 1 (d)
[11-Apr-2026 22:19:06 Asia/Ho_Chi_Minh]   gw: 1 (d)
[11-Apr-2026 22:19:06 Asia/Ho_Chi_Minh]   cw: 1 (d)
[11-Apr-2026 22:19:06 Asia/Ho_Chi_Minh]   notes:  (s)
[11-Apr-2026 22:19:06 Asia/Ho_Chi_Minh]   status: draft (s)
[11-Apr-2026 22:19:06 Asia/Ho_Chi_Minh]   created_by: 5 (i)
[11-Apr-2026 22:25:51 Asia/Ho_Chi_Minh] === FORM SUBMISSION ===
[11-Apr-2026 22:25:51 Asia/Ho_Chi_Minh] quotation_no: BG-2026-002
[11-Apr-2026 22:25:51 Asia/Ho_Chi_Minh] customer_id: 71
[11-Apr-2026 22:25:51 Asia/Ho_Chi_Minh] status: draft (type: string)
[11-Apr-2026 22:25:51 Asia/Ho_Chi_Minh] created_by: 5 (type: integer)
[11-Apr-2026 22:25:51 Asia/Ho_Chi_Minh] Total items: 1
[11-Apr-2026 22:25:51 Asia/Ho_Chi_Minh] Starting database transaction...
[11-Apr-2026 22:25:51 Asia/Ho_Chi_Minh] Preparing quotation insert...
[11-Apr-2026 22:25:51 Asia/Ho_Chi_Minh] Binding quotation parameters (15 params)...
[11-Apr-2026 22:25:51 Asia/Ho_Chi_Minh]   1. quotation_no (s): BG-2026-002
[11-Apr-2026 22:25:51 Asia/Ho_Chi_Minh]   2. customer_id (i): 71
[11-Apr-2026 22:25:51 Asia/Ho_Chi_Minh]   3. issue_date (s): 2026-04-11
[11-Apr-2026 22:25:51 Asia/Ho_Chi_Minh]   4. valid_until (s): 
[11-Apr-2026 22:25:51 Asia/Ho_Chi_Minh]   5. currency (s): USD
[11-Apr-2026 22:25:51 Asia/Ho_Chi_Minh]   6. exchange_rate (d): 1
[11-Apr-2026 22:25:51 Asia/Ho_Chi_Minh]   7. pol (s): 
[11-Apr-2026 22:25:51 Asia/Ho_Chi_Minh]   8. pod (s): 
[11-Apr-2026 22:25:51 Asia/Ho_Chi_Minh]   9. shipper (s): 
[11-Apr-2026 22:25:51 Asia/Ho_Chi_Minh]   10. packages (d): 1
[11-Apr-2026 22:25:51 Asia/Ho_Chi_Minh]   11. gw (d): 1
[11-Apr-2026 22:25:51 Asia/Ho_Chi_Minh]   12. cw (d): 1
[11-Apr-2026 22:25:51 Asia/Ho_Chi_Minh]   13. notes (s): 
[11-Apr-2026 22:25:51 Asia/Ho_Chi_Minh]   14. status (s/ENUM): draft
[11-Apr-2026 22:25:51 Asia/Ho_Chi_Minh]   15. created_by (i): 5
[11-Apr-2026 22:25:55 Asia/Ho_Chi_Minh] === FORM SUBMISSION ===
[11-Apr-2026 22:25:55 Asia/Ho_Chi_Minh] quotation_no: BG-2026-002
[11-Apr-2026 22:25:55 Asia/Ho_Chi_Minh] customer_id: 71
[11-Apr-2026 22:25:55 Asia/Ho_Chi_Minh] status: draft (type: string)
[11-Apr-2026 22:25:55 Asia/Ho_Chi_Minh] created_by: 5 (type: integer)
[11-Apr-2026 22:25:55 Asia/Ho_Chi_Minh] Total items: 1
[11-Apr-2026 22:25:55 Asia/Ho_Chi_Minh] Starting database transaction...
[11-Apr-2026 22:25:55 Asia/Ho_Chi_Minh] Preparing quotation insert...
[11-Apr-2026 22:25:55 Asia/Ho_Chi_Minh] Binding quotation parameters (15 params)...
[11-Apr-2026 22:25:55 Asia/Ho_Chi_Minh]   1. quotation_no (s): BG-2026-002
[11-Apr-2026 22:25:55 Asia/Ho_Chi_Minh]   2. customer_id (i): 71
[11-Apr-2026 22:25:55 Asia/Ho_Chi_Minh]   3. issue_date (s): 2026-04-11
[11-Apr-2026 22:25:55 Asia/Ho_Chi_Minh]   4. valid_until (s): 
[11-Apr-2026 22:25:55 Asia/Ho_Chi_Minh]   5. currency (s): USD
[11-Apr-2026 22:25:55 Asia/Ho_Chi_Minh]   6. exchange_rate (d): 1
[11-Apr-2026 22:25:55 Asia/Ho_Chi_Minh]   7. pol (s): 
[11-Apr-2026 22:25:55 Asia/Ho_Chi_Minh]   8. pod (s): 
[11-Apr-2026 22:25:55 Asia/Ho_Chi_Minh]   9. shipper (s): 
[11-Apr-2026 22:25:55 Asia/Ho_Chi_Minh]   10. packages (d): 1
[11-Apr-2026 22:25:55 Asia/Ho_Chi_Minh]   11. gw (d): 1
[11-Apr-2026 22:25:55 Asia/Ho_Chi_Minh]   12. cw (d): 1
[11-Apr-2026 22:25:55 Asia/Ho_Chi_Minh]   13. notes (s): 
[11-Apr-2026 22:25:55 Asia/Ho_Chi_Minh]   14. status (s/ENUM): draft
[11-Apr-2026 22:25:55 Asia/Ho_Chi_Minh]   15. created_by (i): 5
[11-Apr-2026 22:27:57 Asia/Ho_Chi_Minh] === FORM SUBMISSION ===
[11-Apr-2026 22:27:57 Asia/Ho_Chi_Minh] quotation_no: BG-2026-002
[11-Apr-2026 22:27:57 Asia/Ho_Chi_Minh] customer_id: 71
[11-Apr-2026 22:27:57 Asia/Ho_Chi_Minh] status: draft
[11-Apr-2026 22:27:57 Asia/Ho_Chi_Minh] created_by: 5
[11-Apr-2026 22:27:57 Asia/Ho_Chi_Minh] Total items: 1
[11-Apr-2026 22:27:57 Asia/Ho_Chi_Minh] Starting database transaction...
[11-Apr-2026 22:27:57 Asia/Ho_Chi_Minh] Preparing quotation insert...
[11-Apr-2026 22:27:57 Asia/Ho_Chi_Minh] Executing quotation with array parameters...
[11-Apr-2026 22:27:57 Asia/Ho_Chi_Minh]   quotation_no: BG-2026-002
[11-Apr-2026 22:27:57 Asia/Ho_Chi_Minh]   customer_id: 71
[11-Apr-2026 22:27:57 Asia/Ho_Chi_Minh]   issue_date: 2026-04-11
[11-Apr-2026 22:27:57 Asia/Ho_Chi_Minh]   valid_until: 
[11-Apr-2026 22:27:57 Asia/Ho_Chi_Minh]   currency: USD
[11-Apr-2026 22:27:57 Asia/Ho_Chi_Minh]   exchange_rate: 1
[11-Apr-2026 22:27:57 Asia/Ho_Chi_Minh]   pol: 
[11-Apr-2026 22:27:57 Asia/Ho_Chi_Minh]   pod: 
[11-Apr-2026 22:27:57 Asia/Ho_Chi_Minh]   shipper: 
[11-Apr-2026 22:27:57 Asia/Ho_Chi_Minh]   packages: 1
[11-Apr-2026 22:27:57 Asia/Ho_Chi_Minh]   gw: 1
[11-Apr-2026 22:27:57 Asia/Ho_Chi_Minh]   cw: 1
[11-Apr-2026 22:27:57 Asia/Ho_Chi_Minh]   notes: 
[11-Apr-2026 22:27:57 Asia/Ho_Chi_Minh]   status: draft
[11-Apr-2026 22:27:57 Asia/Ho_Chi_Minh]   created_by: 5
[11-Apr-2026 22:27:57 Asia/Ho_Chi_Minh] Quotation inserted successfully with ID: 12
[11-Apr-2026 22:27:57 Asia/Ho_Chi_Minh] Preparing quotation items insert...
[11-Apr-2026 22:27:57 Asia/Ho_Chi_Minh] Inserting 1 items...
[11-Apr-2026 22:27:57 Asia/Ho_Chi_Minh] Item 0 - code: CUSTOMS, desc: CUSTOMS CLEARANCE, price: 50000, qty: 1
[11-Apr-2026 22:27:57 Asia/Ho_Chi_Minh] Item 0 inserted successfully
[11-Apr-2026 22:27:57 Asia/Ho_Chi_Minh] All items inserted successfully
[11-Apr-2026 22:27:57 Asia/Ho_Chi_Minh] Transaction committed successfully
[13-Apr-2026 12:20:56 Asia/Ho_Chi_Minh] === FORM SUBMISSION ===
[13-Apr-2026 12:20:56 Asia/Ho_Chi_Minh] quotation_no: BG-2026-003
[13-Apr-2026 12:20:56 Asia/Ho_Chi_Minh] customer_id: 6
[13-Apr-2026 12:20:56 Asia/Ho_Chi_Minh] status: draft
[13-Apr-2026 12:20:56 Asia/Ho_Chi_Minh] created_by: 5
[13-Apr-2026 12:20:56 Asia/Ho_Chi_Minh] Total items: 1
[13-Apr-2026 12:20:56 Asia/Ho_Chi_Minh] Starting database transaction...
[13-Apr-2026 12:20:56 Asia/Ho_Chi_Minh] Preparing quotation insert...
[13-Apr-2026 12:20:56 Asia/Ho_Chi_Minh] Executing quotation with array parameters...
[13-Apr-2026 12:20:56 Asia/Ho_Chi_Minh]   quotation_no: BG-2026-003
[13-Apr-2026 12:20:56 Asia/Ho_Chi_Minh]   customer_id: 6
[13-Apr-2026 12:20:56 Asia/Ho_Chi_Minh]   issue_date: 2026-04-13
[13-Apr-2026 12:20:56 Asia/Ho_Chi_Minh]   valid_until: 2026-04-16
[13-Apr-2026 12:20:56 Asia/Ho_Chi_Minh]   currency: VND
[13-Apr-2026 12:20:56 Asia/Ho_Chi_Minh]   exchange_rate: 1
[13-Apr-2026 12:20:56 Asia/Ho_Chi_Minh]   pol: MALAY
[13-Apr-2026 12:20:56 Asia/Ho_Chi_Minh]   pod: HANOI
[13-Apr-2026 12:20:56 Asia/Ho_Chi_Minh]   shipper: ROYAL SELANGOR INTERNATIONAL SDN BHD
[13-Apr-2026 12:20:56 Asia/Ho_Chi_Minh]   packages: 3
[13-Apr-2026 12:20:56 Asia/Ho_Chi_Minh]   gw: 15
[13-Apr-2026 12:20:56 Asia/Ho_Chi_Minh]   cw: 15
[13-Apr-2026 12:20:56 Asia/Ho_Chi_Minh]   notes: 
[13-Apr-2026 12:20:56 Asia/Ho_Chi_Minh]   status: draft
[13-Apr-2026 12:20:56 Asia/Ho_Chi_Minh]   created_by: 5
[13-Apr-2026 12:20:56 Asia/Ho_Chi_Minh] Quotation inserted successfully with ID: 13
[13-Apr-2026 12:20:56 Asia/Ho_Chi_Minh] Preparing quotation items insert...
[13-Apr-2026 12:20:56 Asia/Ho_Chi_Minh] Inserting 1 items...
[13-Apr-2026 12:20:56 Asia/Ho_Chi_Minh] Item 0 - code: CUSTOMS, desc: CUSTOMS CLEARANCE, price: 900000, qty: 1
[13-Apr-2026 12:20:56 Asia/Ho_Chi_Minh] Item 0 inserted successfully
[13-Apr-2026 12:20:56 Asia/Ho_Chi_Minh] All items inserted successfully
[13-Apr-2026 12:20:56 Asia/Ho_Chi_Minh] Transaction committed successfully
[13-Apr-2026 15:05:54 Asia/Ho_Chi_Minh] === FORM SUBMISSION ===
[13-Apr-2026 15:05:54 Asia/Ho_Chi_Minh] quotation_no: BG-2026-004
[13-Apr-2026 15:05:54 Asia/Ho_Chi_Minh] customer_id: 6
[13-Apr-2026 15:05:54 Asia/Ho_Chi_Minh] status: draft
[13-Apr-2026 15:05:54 Asia/Ho_Chi_Minh] created_by: 5
[13-Apr-2026 15:05:54 Asia/Ho_Chi_Minh] Total items: 1
[13-Apr-2026 15:05:54 Asia/Ho_Chi_Minh] Starting database transaction...
[13-Apr-2026 15:05:54 Asia/Ho_Chi_Minh] Preparing quotation insert...
[13-Apr-2026 15:05:54 Asia/Ho_Chi_Minh] Executing quotation with array parameters...
[13-Apr-2026 15:05:54 Asia/Ho_Chi_Minh]   quotation_no: BG-2026-004
[13-Apr-2026 15:05:54 Asia/Ho_Chi_Minh]   customer_id: 6
[13-Apr-2026 15:05:54 Asia/Ho_Chi_Minh]   issue_date: 2026-01-25
[13-Apr-2026 15:05:54 Asia/Ho_Chi_Minh]   valid_until: 2026-01-30
[13-Apr-2026 15:05:54 Asia/Ho_Chi_Minh]   currency: USD
[13-Apr-2026 15:05:54 Asia/Ho_Chi_Minh]   exchange_rate: 26321
[13-Apr-2026 15:05:54 Asia/Ho_Chi_Minh]   pol: SHENZHEN (SZX)
[13-Apr-2026 15:05:54 Asia/Ho_Chi_Minh]   pod: HAN, VIETNAM
[13-Apr-2026 15:05:54 Asia/Ho_Chi_Minh]   shipper: EASTERN GOLDEN ART INTERNATIONAL DEVELOP (HONG KONG) LTD
[13-Apr-2026 15:05:54 Asia/Ho_Chi_Minh]   packages: 18
[13-Apr-2026 15:05:54 Asia/Ho_Chi_Minh]   gw: 257
[13-Apr-2026 15:05:54 Asia/Ho_Chi_Minh]   cw: 257
[13-Apr-2026 15:05:54 Asia/Ho_Chi_Minh]   notes: 
[13-Apr-2026 15:05:54 Asia/Ho_Chi_Minh]   status: draft
[13-Apr-2026 15:05:54 Asia/Ho_Chi_Minh]   created_by: 5
[13-Apr-2026 15:05:54 Asia/Ho_Chi_Minh] Quotation inserted successfully with ID: 14
[13-Apr-2026 15:05:54 Asia/Ho_Chi_Minh] Preparing quotation items insert...
[13-Apr-2026 15:05:54 Asia/Ho_Chi_Minh] Inserting 1 items...
[13-Apr-2026 15:05:54 Asia/Ho_Chi_Minh] Item 0 - code: CUSTOMS, desc: CUSTOMS CLEARANCE, price: 50, qty: 1
[13-Apr-2026 15:05:54 Asia/Ho_Chi_Minh] Item 0 inserted successfully
[13-Apr-2026 15:05:54 Asia/Ho_Chi_Minh] All items inserted successfully
[13-Apr-2026 15:05:54 Asia/Ho_Chi_Minh] Transaction committed successfully
[13-Apr-2026 19:39:43 Asia/Ho_Chi_Minh] === FORM SUBMISSION ===
[13-Apr-2026 19:39:43 Asia/Ho_Chi_Minh] quotation_no: BG-2026-005
[13-Apr-2026 19:39:43 Asia/Ho_Chi_Minh] customer_id: 6
[13-Apr-2026 19:39:43 Asia/Ho_Chi_Minh] status: draft
[13-Apr-2026 19:39:43 Asia/Ho_Chi_Minh] created_by: 5
[13-Apr-2026 19:39:43 Asia/Ho_Chi_Minh] Total items: 5
[13-Apr-2026 19:39:43 Asia/Ho_Chi_Minh] Starting database transaction...
[13-Apr-2026 19:39:43 Asia/Ho_Chi_Minh] Preparing quotation insert...
[13-Apr-2026 19:39:43 Asia/Ho_Chi_Minh] Executing quotation with array parameters...
[13-Apr-2026 19:39:43 Asia/Ho_Chi_Minh]   quotation_no: BG-2026-005
[13-Apr-2026 19:39:43 Asia/Ho_Chi_Minh]   customer_id: 6
[13-Apr-2026 19:39:43 Asia/Ho_Chi_Minh]   issue_date: 2026-12-30
[13-Apr-2026 19:39:43 Asia/Ho_Chi_Minh]   valid_until: 2026-01-07
[13-Apr-2026 19:39:43 Asia/Ho_Chi_Minh]   currency: USD
[13-Apr-2026 19:39:43 Asia/Ho_Chi_Minh]   exchange_rate: 26377
[13-Apr-2026 19:39:43 Asia/Ho_Chi_Minh]   pol: SIN, SINGAPORE
[13-Apr-2026 19:39:43 Asia/Ho_Chi_Minh]   pod: ANOI, VIETNAM
[13-Apr-2026 19:39:43 Asia/Ho_Chi_Minh]   shipper: RISIS PRIVATE LIMITED
[13-Apr-2026 19:39:43 Asia/Ho_Chi_Minh]   packages: 3
[13-Apr-2026 19:39:43 Asia/Ho_Chi_Minh]   gw: 654
[13-Apr-2026 19:39:43 Asia/Ho_Chi_Minh]   cw: 859
[13-Apr-2026 19:39:43 Asia/Ho_Chi_Minh]   notes: 
[13-Apr-2026 19:39:43 Asia/Ho_Chi_Minh]   status: draft
[13-Apr-2026 19:39:43 Asia/Ho_Chi_Minh]   created_by: 5
[13-Apr-2026 19:39:43 Asia/Ho_Chi_Minh] Quotation inserted successfully with ID: 15
[13-Apr-2026 19:39:43 Asia/Ho_Chi_Minh] Preparing quotation items insert...
[13-Apr-2026 19:39:43 Asia/Ho_Chi_Minh] Inserting 5 items...
[13-Apr-2026 19:39:43 Asia/Ho_Chi_Minh] Item 0 - code: FREIGHT, desc: Cước Vận Chuyển Quốc Tế, price: 1.95, qty: 859
[13-Apr-2026 19:39:43 Asia/Ho_Chi_Minh] Item 0 inserted successfully
[13-Apr-2026 19:39:43 Asia/Ho_Chi_Minh] Item 1 - code: DO, desc: Phí Lệnh Giao Hàng (D/O), price: 15, qty: 1
[13-Apr-2026 19:39:43 Asia/Ho_Chi_Minh] Item 1 inserted successfully
[13-Apr-2026 19:39:43 Asia/Ho_Chi_Minh] Item 2 - code: CUSTOMS, desc: PHÍ DỊCH VỤ KHAI BÁO HẢI QUAN ĐIỆN TỬ, price: 35, qty: 1
[13-Apr-2026 19:39:43 Asia/Ho_Chi_Minh] Item 2 inserted successfully
[13-Apr-2026 19:39:43 Asia/Ho_Chi_Minh] Item 3 - code: TRUCKING, desc: PHÍ VẬN CHUYỂN, price: 19, qty: 1
[13-Apr-2026 19:39:43 Asia/Ho_Chi_Minh] Item 3 inserted successfully
[13-Apr-2026 19:39:43 Asia/Ho_Chi_Minh] Item 4 - code: THC, desc: PHÍ XỬ LÝ HÀNG HÓA (Chi hộ tại kho hàng), price: 0, qty: 1
[13-Apr-2026 19:39:43 Asia/Ho_Chi_Minh] Item 4 inserted successfully
[13-Apr-2026 19:39:43 Asia/Ho_Chi_Minh] All items inserted successfully
[13-Apr-2026 19:39:43 Asia/Ho_Chi_Minh] Transaction committed successfully
[13-Apr-2026 19:43:38 Asia/Ho_Chi_Minh] === FORM SUBMISSION ===
[13-Apr-2026 19:43:38 Asia/Ho_Chi_Minh] quotation_no: BG-2026-006
[13-Apr-2026 19:43:38 Asia/Ho_Chi_Minh] customer_id: 6
[13-Apr-2026 19:43:38 Asia/Ho_Chi_Minh] status: draft
[13-Apr-2026 19:43:38 Asia/Ho_Chi_Minh] created_by: 5
[13-Apr-2026 19:43:38 Asia/Ho_Chi_Minh] Total items: 5
[13-Apr-2026 19:43:38 Asia/Ho_Chi_Minh] Starting database transaction...
[13-Apr-2026 19:43:38 Asia/Ho_Chi_Minh] Preparing quotation insert...
[13-Apr-2026 19:43:38 Asia/Ho_Chi_Minh] Executing quotation with array parameters...
[13-Apr-2026 19:43:38 Asia/Ho_Chi_Minh]   quotation_no: BG-2026-006
[13-Apr-2026 19:43:38 Asia/Ho_Chi_Minh]   customer_id: 6
[13-Apr-2026 19:43:38 Asia/Ho_Chi_Minh]   issue_date: 2026-12-30
[13-Apr-2026 19:43:38 Asia/Ho_Chi_Minh]   valid_until: 2026-01-07
[13-Apr-2026 19:43:38 Asia/Ho_Chi_Minh]   currency: USD
[13-Apr-2026 19:43:38 Asia/Ho_Chi_Minh]   exchange_rate: 26378
[13-Apr-2026 19:43:38 Asia/Ho_Chi_Minh]   pol: KUALA LUMPUR, MALAYSIA
[13-Apr-2026 19:43:38 Asia/Ho_Chi_Minh]   pod: HO CHI MINH, VIETNAM
[13-Apr-2026 19:43:38 Asia/Ho_Chi_Minh]   shipper: ROYAL SELANGOR INTERNATIONAL SDN BHD
[13-Apr-2026 19:43:38 Asia/Ho_Chi_Minh]   packages: 1
[13-Apr-2026 19:43:38 Asia/Ho_Chi_Minh]   gw: 12
[13-Apr-2026 19:43:38 Asia/Ho_Chi_Minh]   cw: 17
[13-Apr-2026 19:43:38 Asia/Ho_Chi_Minh]   notes: 
[13-Apr-2026 19:43:38 Asia/Ho_Chi_Minh]   status: draft
[13-Apr-2026 19:43:38 Asia/Ho_Chi_Minh]   created_by: 5
[13-Apr-2026 19:43:38 Asia/Ho_Chi_Minh] Quotation inserted successfully with ID: 16
[13-Apr-2026 19:43:38 Asia/Ho_Chi_Minh] Preparing quotation items insert...
[13-Apr-2026 19:43:38 Asia/Ho_Chi_Minh] Inserting 5 items...
[13-Apr-2026 19:43:38 Asia/Ho_Chi_Minh] Item 0 - code: FREIGHT, desc: Cước Vận Chuyển Quốc Tế, price: 8, qty: 17
[13-Apr-2026 19:43:38 Asia/Ho_Chi_Minh] Item 0 inserted successfully
[13-Apr-2026 19:43:38 Asia/Ho_Chi_Minh] Item 1 - code: DO, desc: Phí Lệnh Giao Hàng (D/O), price: 25, qty: 1
[13-Apr-2026 19:43:38 Asia/Ho_Chi_Minh] Item 1 inserted successfully
[13-Apr-2026 19:43:38 Asia/Ho_Chi_Minh] Item 2 - code: CUSTOMS, desc: PHÍ DỊCH VỤ KHAI BÁO HẢI QUAN ĐIỆN TỬ, price: 35, qty: 1
[13-Apr-2026 19:43:38 Asia/Ho_Chi_Minh] Item 2 inserted successfully
[13-Apr-2026 19:43:38 Asia/Ho_Chi_Minh] Item 3 - code: TRUCKING, desc: PHÍ VẬN CHUYỂN, price: 23, qty: 1
[13-Apr-2026 19:43:38 Asia/Ho_Chi_Minh] Item 3 inserted successfully
[13-Apr-2026 19:43:38 Asia/Ho_Chi_Minh] Item 4 - code: THC, desc: PHÍ XỬ LÝ HÀNG HÓA, price: 0, qty: 1
[13-Apr-2026 19:43:38 Asia/Ho_Chi_Minh] Item 4 inserted successfully
[13-Apr-2026 19:43:38 Asia/Ho_Chi_Minh] All items inserted successfully
[13-Apr-2026 19:43:38 Asia/Ho_Chi_Minh] Transaction committed successfully
[21-Apr-2026 15:44:44 Asia/Ho_Chi_Minh] === FORM SUBMISSION ===
[21-Apr-2026 15:44:44 Asia/Ho_Chi_Minh] quotation_no: BG-2026-014
[21-Apr-2026 15:44:44 Asia/Ho_Chi_Minh] customer_id: 73
[21-Apr-2026 15:44:44 Asia/Ho_Chi_Minh] status: sent
[21-Apr-2026 15:44:44 Asia/Ho_Chi_Minh] created_by: 5
[21-Apr-2026 15:44:44 Asia/Ho_Chi_Minh] Total items: 4
[21-Apr-2026 15:44:44 Asia/Ho_Chi_Minh] Starting database transaction...
[21-Apr-2026 15:44:44 Asia/Ho_Chi_Minh] Preparing quotation insert...
[21-Apr-2026 15:44:44 Asia/Ho_Chi_Minh] Executing quotation with array parameters...
[21-Apr-2026 15:44:44 Asia/Ho_Chi_Minh]   quotation_no: BG-2026-014
[21-Apr-2026 15:44:44 Asia/Ho_Chi_Minh]   customer_id: 73
[21-Apr-2026 15:44:44 Asia/Ho_Chi_Minh]   issue_date: 2026-04-21
[21-Apr-2026 15:44:44 Asia/Ho_Chi_Minh]   valid_until: 2026-04-30
[21-Apr-2026 15:44:44 Asia/Ho_Chi_Minh]   currency: USD
[21-Apr-2026 15:44:44 Asia/Ho_Chi_Minh]   exchange_rate: 1
[21-Apr-2026 15:44:44 Asia/Ho_Chi_Minh]   pol: HAN
[21-Apr-2026 15:44:44 Asia/Ho_Chi_Minh]   pod: CDG
[21-Apr-2026 15:44:44 Asia/Ho_Chi_Minh]   shipper: Công Ty Cổ Phần Nông Lâm Nghiệp Đức Phú
[21-Apr-2026 15:44:44 Asia/Ho_Chi_Minh]   packages: 1
[21-Apr-2026 15:44:44 Asia/Ho_Chi_Minh]   gw: 2000
[21-Apr-2026 15:44:44 Asia/Ho_Chi_Minh]   cw: 2000
[21-Apr-2026 15:44:44 Asia/Ho_Chi_Minh]   notes: 
[21-Apr-2026 15:44:44 Asia/Ho_Chi_Minh]   status: sent
[21-Apr-2026 15:44:44 Asia/Ho_Chi_Minh]   created_by: 5
[21-Apr-2026 15:44:44 Asia/Ho_Chi_Minh] Quotation inserted successfully with ID: 24
[21-Apr-2026 15:44:44 Asia/Ho_Chi_Minh] Preparing quotation items insert...
[21-Apr-2026 15:44:44 Asia/Ho_Chi_Minh] Inserting 4 items...
[21-Apr-2026 15:44:44 Asia/Ho_Chi_Minh] Item 0 - code: CUSTOMS, desc: CUSTOMS CLEARANCE, price: 40, qty: 1
[21-Apr-2026 15:44:44 Asia/Ho_Chi_Minh] Item 0 inserted successfully
[21-Apr-2026 15:44:44 Asia/Ho_Chi_Minh] Item 1 - code: HANDLING, desc: HANDLING, price: 10, qty: 1
[21-Apr-2026 15:44:44 Asia/Ho_Chi_Minh] Item 1 inserted successfully
[21-Apr-2026 15:44:44 Asia/Ho_Chi_Minh] Item 2 - code: HANDLING, desc: CUSTOMS TRANSIT, price: 20, qty: 1
[21-Apr-2026 15:44:44 Asia/Ho_Chi_Minh] Item 2 inserted successfully
[21-Apr-2026 15:44:44 Asia/Ho_Chi_Minh] Item 3 - code: STORAGE, desc: STORAGE, price: 0, qty: 1
[21-Apr-2026 15:44:44 Asia/Ho_Chi_Minh] Item 3 inserted successfully
[21-Apr-2026 15:44:44 Asia/Ho_Chi_Minh] All items inserted successfully
[21-Apr-2026 15:44:44 Asia/Ho_Chi_Minh] Transaction committed successfully
[21-Apr-2026 15:56:31 Asia/Ho_Chi_Minh] === FORM SUBMISSION ===
[21-Apr-2026 15:56:31 Asia/Ho_Chi_Minh] quotation_no: BG-2026-015
[21-Apr-2026 15:56:31 Asia/Ho_Chi_Minh] customer_id: 74
[21-Apr-2026 15:56:31 Asia/Ho_Chi_Minh] status: draft
[21-Apr-2026 15:56:31 Asia/Ho_Chi_Minh] created_by: 5
[21-Apr-2026 15:56:31 Asia/Ho_Chi_Minh] Total items: 4
[21-Apr-2026 15:56:31 Asia/Ho_Chi_Minh] Starting database transaction...
[21-Apr-2026 15:56:31 Asia/Ho_Chi_Minh] Preparing quotation insert...
[21-Apr-2026 15:56:31 Asia/Ho_Chi_Minh] Executing quotation with array parameters...
[21-Apr-2026 15:56:31 Asia/Ho_Chi_Minh]   quotation_no: BG-2026-015
[21-Apr-2026 15:56:31 Asia/Ho_Chi_Minh]   customer_id: 74
[21-Apr-2026 15:56:31 Asia/Ho_Chi_Minh]   issue_date: 2026-04-21
[21-Apr-2026 15:56:31 Asia/Ho_Chi_Minh]   valid_until: 2026-04-30
[21-Apr-2026 15:56:31 Asia/Ho_Chi_Minh]   currency: USD
[21-Apr-2026 15:56:31 Asia/Ho_Chi_Minh]   exchange_rate: 1
[21-Apr-2026 15:56:31 Asia/Ho_Chi_Minh]   pol: HAN
[21-Apr-2026 15:56:31 Asia/Ho_Chi_Minh]   pod: CDG
[21-Apr-2026 15:56:31 Asia/Ho_Chi_Minh]   shipper: Công Ty Cổ Phần Nông Lâm Nghiệp Đức Phú
[21-Apr-2026 15:56:31 Asia/Ho_Chi_Minh]   packages: 1
[21-Apr-2026 15:56:31 Asia/Ho_Chi_Minh]   gw: 2000
[21-Apr-2026 15:56:31 Asia/Ho_Chi_Minh]   cw: 2000
[21-Apr-2026 15:56:31 Asia/Ho_Chi_Minh]   notes: 
[21-Apr-2026 15:56:31 Asia/Ho_Chi_Minh]   status: draft
[21-Apr-2026 15:56:31 Asia/Ho_Chi_Minh]   created_by: 5
[21-Apr-2026 15:56:31 Asia/Ho_Chi_Minh] Quotation inserted successfully with ID: 25
[21-Apr-2026 15:56:31 Asia/Ho_Chi_Minh] Preparing quotation items insert...
[21-Apr-2026 15:56:31 Asia/Ho_Chi_Minh] Inserting 4 items...
[21-Apr-2026 15:56:31 Asia/Ho_Chi_Minh] Item 0 - code: FREIGHT, desc: FREIGHT - Cước Vận Chuyển Quốc Tế, price: 5.7, qty: 2000
[21-Apr-2026 15:56:31 Asia/Ho_Chi_Minh] Item 0 inserted successfully
[21-Apr-2026 15:56:31 Asia/Ho_Chi_Minh] Item 1 - code: HANDLING, desc: X-RAY, price: 0.019, qty: 2000
[21-Apr-2026 15:56:31 Asia/Ho_Chi_Minh] Item 1 inserted successfully
[21-Apr-2026 15:56:31 Asia/Ho_Chi_Minh] Item 2 - code: HANDLING, desc: AWB + AMS, price: 50, qty: 1
[21-Apr-2026 15:56:31 Asia/Ho_Chi_Minh] Item 2 inserted successfully
[21-Apr-2026 15:56:31 Asia/Ho_Chi_Minh] Item 3 - code: HANDLING, desc: HANDLING, price: 20, qty: 1
[21-Apr-2026 15:56:31 Asia/Ho_Chi_Minh] Item 3 inserted successfully
[21-Apr-2026 15:56:31 Asia/Ho_Chi_Minh] All items inserted successfully
[21-Apr-2026 15:56:31 Asia/Ho_Chi_Minh] Transaction committed successfully
[23-Apr-2026 15:27:04 Asia/Ho_Chi_Minh] === FORM SUBMISSION ===
[23-Apr-2026 15:27:04 Asia/Ho_Chi_Minh] quotation_no: BG-2026-016
[23-Apr-2026 15:27:04 Asia/Ho_Chi_Minh] customer_id: 12
[23-Apr-2026 15:27:04 Asia/Ho_Chi_Minh] status: draft
[23-Apr-2026 15:27:04 Asia/Ho_Chi_Minh] created_by: 5
[23-Apr-2026 15:27:04 Asia/Ho_Chi_Minh] Total items: 7
[23-Apr-2026 15:27:04 Asia/Ho_Chi_Minh] Starting database transaction...
[23-Apr-2026 15:27:04 Asia/Ho_Chi_Minh] Preparing quotation insert...
[23-Apr-2026 15:27:04 Asia/Ho_Chi_Minh] Executing quotation with array parameters...
[23-Apr-2026 15:27:04 Asia/Ho_Chi_Minh]   quotation_no: BG-2026-016
[23-Apr-2026 15:27:04 Asia/Ho_Chi_Minh]   customer_id: 12
[23-Apr-2026 15:27:04 Asia/Ho_Chi_Minh]   issue_date: 2026-04-23
[23-Apr-2026 15:27:04 Asia/Ho_Chi_Minh]   valid_until: 2026-04-30
[23-Apr-2026 15:27:04 Asia/Ho_Chi_Minh]   currency: USD
[23-Apr-2026 15:27:04 Asia/Ho_Chi_Minh]   exchange_rate: 26360
[23-Apr-2026 15:27:04 Asia/Ho_Chi_Minh]   pol: SHANGHAI
[23-Apr-2026 15:27:04 Asia/Ho_Chi_Minh]   pod: HOCHIMINH
[23-Apr-2026 15:27:04 Asia/Ho_Chi_Minh]   shipper: SHENGYA MARINE SERVICE GROUP CO., LTD
[23-Apr-2026 15:27:04 Asia/Ho_Chi_Minh]   packages: 6
[23-Apr-2026 15:27:04 Asia/Ho_Chi_Minh]   gw: 350
[23-Apr-2026 15:27:04 Asia/Ho_Chi_Minh]   cw: NULL
[23-Apr-2026 15:27:04 Asia/Ho_Chi_Minh]   notes: 
[23-Apr-2026 15:27:04 Asia/Ho_Chi_Minh]   status: draft
[23-Apr-2026 15:27:04 Asia/Ho_Chi_Minh]   created_by: 5
[23-Apr-2026 15:27:04 Asia/Ho_Chi_Minh] Quotation inserted successfully with ID: 26
[23-Apr-2026 15:27:04 Asia/Ho_Chi_Minh] Preparing quotation items insert...
[23-Apr-2026 15:27:04 Asia/Ho_Chi_Minh] Inserting 7 items...
[23-Apr-2026 15:27:04 Asia/Ho_Chi_Minh] Item 0 - code: FREIGHT, desc: Cước Vận Chuyển Quốc Tế, price: 3.35, qty: 350
[23-Apr-2026 15:27:04 Asia/Ho_Chi_Minh] Item 0 inserted successfully
[23-Apr-2026 15:27:04 Asia/Ho_Chi_Minh] Item 1 - code: HANDLING, desc: HANDLING, price: 30, qty: 1
[23-Apr-2026 15:27:04 Asia/Ho_Chi_Minh] Item 1 inserted successfully
[23-Apr-2026 15:27:04 Asia/Ho_Chi_Minh] Item 2 - code: DOC, desc: DOCUMENT, price: 40, qty: 1
[23-Apr-2026 15:27:04 Asia/Ho_Chi_Minh] Item 2 inserted successfully
[23-Apr-2026 15:27:04 Asia/Ho_Chi_Minh] Item 3 - code: CUSTOMS, desc: CUSTOMS CLEARANCE, price: 55, qty: 1
[23-Apr-2026 15:27:04 Asia/Ho_Chi_Minh] Item 3 inserted successfully
[23-Apr-2026 15:27:04 Asia/Ho_Chi_Minh] Item 4 - code: EDI, desc: EDI FEE, price: 15, qty: 1
[23-Apr-2026 15:27:04 Asia/Ho_Chi_Minh] Item 4 inserted successfully
[23-Apr-2026 15:27:04 Asia/Ho_Chi_Minh] Item 5 - code: THC, desc: TERMINAL HANDLING CHARGES, price: 0.15, qty: 350
[23-Apr-2026 15:27:04 Asia/Ho_Chi_Minh] Item 5 inserted successfully
[23-Apr-2026 15:27:04 Asia/Ho_Chi_Minh] Item 6 - code: TRUCKING, desc: PICK UP, price: 155, qty: 1
[23-Apr-2026 15:27:04 Asia/Ho_Chi_Minh] Item 6 inserted successfully
[23-Apr-2026 15:27:04 Asia/Ho_Chi_Minh] All items inserted successfully
[23-Apr-2026 15:27:04 Asia/Ho_Chi_Minh] Transaction committed successfully
[24-Apr-2026 08:56:02 Asia/Ho_Chi_Minh] === FORM SUBMISSION ===
[24-Apr-2026 08:56:02 Asia/Ho_Chi_Minh] quotation_no: BG-2026-017
[24-Apr-2026 08:56:02 Asia/Ho_Chi_Minh] customer_id: 12
[24-Apr-2026 08:56:02 Asia/Ho_Chi_Minh] status: draft
[24-Apr-2026 08:56:02 Asia/Ho_Chi_Minh] created_by: 5
[24-Apr-2026 08:56:02 Asia/Ho_Chi_Minh] Total items: 10
[24-Apr-2026 08:56:02 Asia/Ho_Chi_Minh] Starting database transaction...
[24-Apr-2026 08:56:02 Asia/Ho_Chi_Minh] Preparing quotation insert...
[24-Apr-2026 08:56:02 Asia/Ho_Chi_Minh] Executing quotation with array parameters...
[24-Apr-2026 08:56:02 Asia/Ho_Chi_Minh]   quotation_no: BG-2026-017
[24-Apr-2026 08:56:02 Asia/Ho_Chi_Minh]   customer_id: 12
[24-Apr-2026 08:56:02 Asia/Ho_Chi_Minh]   issue_date: 2026-04-24
[24-Apr-2026 08:56:02 Asia/Ho_Chi_Minh]   valid_until: 2026-04-30
[24-Apr-2026 08:56:02 Asia/Ho_Chi_Minh]   currency: USD
[24-Apr-2026 08:56:02 Asia/Ho_Chi_Minh]   exchange_rate: 26368
[24-Apr-2026 08:56:02 Asia/Ho_Chi_Minh]   pol: SIN
[24-Apr-2026 08:56:02 Asia/Ho_Chi_Minh]   pod: HAN
[24-Apr-2026 08:56:02 Asia/Ho_Chi_Minh]   shipper: 
[24-Apr-2026 08:56:02 Asia/Ho_Chi_Minh]   packages: 16
[24-Apr-2026 08:56:02 Asia/Ho_Chi_Minh]   gw: 535
[24-Apr-2026 08:56:02 Asia/Ho_Chi_Minh]   cw: 535
[24-Apr-2026 08:56:02 Asia/Ho_Chi_Minh]   notes: 
[24-Apr-2026 08:56:02 Asia/Ho_Chi_Minh]   status: draft
[24-Apr-2026 08:56:02 Asia/Ho_Chi_Minh]   created_by: 5
[24-Apr-2026 08:56:02 Asia/Ho_Chi_Minh] Quotation inserted successfully with ID: 27
[24-Apr-2026 08:56:02 Asia/Ho_Chi_Minh] Preparing quotation items insert...
[24-Apr-2026 08:56:02 Asia/Ho_Chi_Minh] Inserting 10 items...
[24-Apr-2026 08:56:02 Asia/Ho_Chi_Minh] Item 0 - code: FREIGHT, desc: Cước Vận Chuyển Quốc Tế, price: 3.05, qty: 535
[24-Apr-2026 08:56:02 Asia/Ho_Chi_Minh] Item 0 inserted successfully
[24-Apr-2026 08:56:02 Asia/Ho_Chi_Minh] Item 1 - code: HANDLING, desc: HANDLING AT SIN, price: 0.3, qty: 535
[24-Apr-2026 08:56:02 Asia/Ho_Chi_Minh] Item 1 inserted successfully
[24-Apr-2026 08:56:02 Asia/Ho_Chi_Minh] Item 2 - code: , desc: XRAY FEE, price: 30, qty: 1
[24-Apr-2026 08:56:02 Asia/Ho_Chi_Minh] Item 2 inserted successfully
[24-Apr-2026 08:56:02 Asia/Ho_Chi_Minh] Item 3 - code: AWB, desc: AWB FEE, price: 15, qty: 1
[24-Apr-2026 08:56:02 Asia/Ho_Chi_Minh] Item 3 inserted successfully
[24-Apr-2026 08:56:02 Asia/Ho_Chi_Minh] Item 4 - code: , desc: THC AT SIN, price: 70, qty: 1
[24-Apr-2026 08:56:02 Asia/Ho_Chi_Minh] Item 4 inserted successfully
[24-Apr-2026 08:56:02 Asia/Ho_Chi_Minh] Item 5 - code: DO, desc: Phí Lệnh Giao Hàng (D/O), price: 40, qty: 1
[24-Apr-2026 08:56:02 Asia/Ho_Chi_Minh] Item 5 inserted successfully
[24-Apr-2026 08:56:02 Asia/Ho_Chi_Minh] Item 6 - code: CUSTOMS, desc: CUSTOMS CLEARANCE, price: 40, qty: 1
[24-Apr-2026 08:56:02 Asia/Ho_Chi_Minh] Item 6 inserted successfully
[24-Apr-2026 08:56:02 Asia/Ho_Chi_Minh] Item 7 - code: , desc: HANDLING AT VN, price: 20, qty: 1
[24-Apr-2026 08:56:02 Asia/Ho_Chi_Minh] Item 7 inserted successfully
[24-Apr-2026 08:56:02 Asia/Ho_Chi_Minh] Item 8 - code: , desc: THC AT VN, price: 70, qty: 1
[24-Apr-2026 08:56:02 Asia/Ho_Chi_Minh] Item 8 inserted successfully
[24-Apr-2026 08:56:02 Asia/Ho_Chi_Minh] Item 9 - code: , desc: DELIVERY TO NOSCO, price: 100, qty: 1
[24-Apr-2026 08:56:02 Asia/Ho_Chi_Minh] Item 9 inserted successfully
[24-Apr-2026 08:56:02 Asia/Ho_Chi_Minh] All items inserted successfully
[24-Apr-2026 08:56:02 Asia/Ho_Chi_Minh] Transaction committed successfully
[24-Apr-2026 13:37:24 Asia/Ho_Chi_Minh] === FORM SUBMISSION ===
[24-Apr-2026 13:37:24 Asia/Ho_Chi_Minh] quotation_no: BG-2026-018
[24-Apr-2026 13:37:24 Asia/Ho_Chi_Minh] customer_id: 70
[24-Apr-2026 13:37:24 Asia/Ho_Chi_Minh] status: sent
[24-Apr-2026 13:37:24 Asia/Ho_Chi_Minh] created_by: 5
[24-Apr-2026 13:37:24 Asia/Ho_Chi_Minh] Total items: 6
[24-Apr-2026 13:37:24 Asia/Ho_Chi_Minh] Starting database transaction...
[24-Apr-2026 13:37:24 Asia/Ho_Chi_Minh] Preparing quotation insert...
[24-Apr-2026 13:37:24 Asia/Ho_Chi_Minh] Executing quotation with array parameters...
[24-Apr-2026 13:37:24 Asia/Ho_Chi_Minh]   quotation_no: BG-2026-018
[24-Apr-2026 13:37:24 Asia/Ho_Chi_Minh]   customer_id: 70
[24-Apr-2026 13:37:24 Asia/Ho_Chi_Minh]   issue_date: 2026-04-20
[24-Apr-2026 13:37:24 Asia/Ho_Chi_Minh]   valid_until: 2026-04-30
[24-Apr-2026 13:37:24 Asia/Ho_Chi_Minh]   currency: USD
[24-Apr-2026 13:37:24 Asia/Ho_Chi_Minh]   exchange_rate: 1
[24-Apr-2026 13:37:24 Asia/Ho_Chi_Minh]   pol: JPYOK
[24-Apr-2026 13:37:24 Asia/Ho_Chi_Minh]   pod: VNCLI
[24-Apr-2026 13:37:24 Asia/Ho_Chi_Minh]   shipper: ASIA STAR CO., LTD.
[24-Apr-2026 13:37:24 Asia/Ho_Chi_Minh]   packages: 5
[24-Apr-2026 13:37:24 Asia/Ho_Chi_Minh]   gw: 861
[24-Apr-2026 13:37:24 Asia/Ho_Chi_Minh]   cw: 861
[24-Apr-2026 13:37:24 Asia/Ho_Chi_Minh]   notes: 
[24-Apr-2026 13:37:24 Asia/Ho_Chi_Minh]   status: sent
[24-Apr-2026 13:37:24 Asia/Ho_Chi_Minh]   created_by: 5
[24-Apr-2026 13:37:24 Asia/Ho_Chi_Minh] Quotation inserted successfully with ID: 28
[24-Apr-2026 13:37:24 Asia/Ho_Chi_Minh] Preparing quotation items insert...
[24-Apr-2026 13:37:24 Asia/Ho_Chi_Minh] Inserting 6 items...
[24-Apr-2026 13:37:24 Asia/Ho_Chi_Minh] Item 0 - code: CUSTOMS, desc: CUSTOMS CLEARANCE, price: 50, qty: 1
[24-Apr-2026 13:37:24 Asia/Ho_Chi_Minh] Item 0 inserted successfully
[24-Apr-2026 13:37:24 Asia/Ho_Chi_Minh] Item 1 - code: INSPECTION, desc: INSPECTION FEE, price: 50, qty: 1
[24-Apr-2026 13:37:24 Asia/Ho_Chi_Minh] Item 1 inserted successfully
[24-Apr-2026 13:37:24 Asia/Ho_Chi_Minh] Item 2 - code: HANDLING, desc: CUSTOMS TRANSIT, price: 10, qty: 1
[24-Apr-2026 13:37:24 Asia/Ho_Chi_Minh] Item 2 inserted successfully
[24-Apr-2026 13:37:24 Asia/Ho_Chi_Minh] Item 3 - code: HANDLING, desc: HANDLING, price: 20, qty: 1
[24-Apr-2026 13:37:24 Asia/Ho_Chi_Minh] Item 3 inserted successfully
[24-Apr-2026 13:37:24 Asia/Ho_Chi_Minh] Item 4 - code: TRUCKING, desc: TRUCKING FEE, price: 70, qty: 1
[24-Apr-2026 13:37:24 Asia/Ho_Chi_Minh] Item 4 inserted successfully
[24-Apr-2026 13:37:24 Asia/Ho_Chi_Minh] Item 5 - code: INSPECTION, desc: OTHER CHARGE (At cost), price: 0, qty: 1
[24-Apr-2026 13:37:24 Asia/Ho_Chi_Minh] Item 5 inserted successfully
[24-Apr-2026 13:37:24 Asia/Ho_Chi_Minh] All items inserted successfully
[24-Apr-2026 13:37:24 Asia/Ho_Chi_Minh] Transaction committed successfully
[05-May-2026 09:31:03 Asia/Ho_Chi_Minh] === FORM SUBMISSION ===
[05-May-2026 09:31:03 Asia/Ho_Chi_Minh] quotation_no: BG-2026-019
[05-May-2026 09:31:03 Asia/Ho_Chi_Minh] customer_id: 79
[05-May-2026 09:31:03 Asia/Ho_Chi_Minh] status: draft
[05-May-2026 09:31:03 Asia/Ho_Chi_Minh] created_by: 3
[05-May-2026 09:31:03 Asia/Ho_Chi_Minh] Total items: 4
[05-May-2026 09:31:03 Asia/Ho_Chi_Minh] Starting database transaction...
[05-May-2026 09:31:03 Asia/Ho_Chi_Minh] Preparing quotation insert...
[05-May-2026 09:31:03 Asia/Ho_Chi_Minh] Executing quotation with array parameters...
[05-May-2026 09:31:03 Asia/Ho_Chi_Minh]   quotation_no: BG-2026-019
[05-May-2026 09:31:03 Asia/Ho_Chi_Minh]   customer_id: 79
[05-May-2026 09:31:03 Asia/Ho_Chi_Minh]   issue_date: 2026-05-05
[05-May-2026 09:31:03 Asia/Ho_Chi_Minh]   valid_until: 
[05-May-2026 09:31:03 Asia/Ho_Chi_Minh]   currency: VND
[05-May-2026 09:31:03 Asia/Ho_Chi_Minh]   exchange_rate: 1
[05-May-2026 09:31:03 Asia/Ho_Chi_Minh]   pol: 
[05-May-2026 09:31:03 Asia/Ho_Chi_Minh]   pod: 
[05-May-2026 09:31:03 Asia/Ho_Chi_Minh]   shipper: 
[05-May-2026 09:31:03 Asia/Ho_Chi_Minh]   packages: NULL
[05-May-2026 09:31:03 Asia/Ho_Chi_Minh]   gw: NULL
[05-May-2026 09:31:03 Asia/Ho_Chi_Minh]   cw: NULL
[05-May-2026 09:31:03 Asia/Ho_Chi_Minh]   notes: Thông quan và làm thủ tục ở Tiên Sơn
[05-May-2026 09:31:03 Asia/Ho_Chi_Minh]   status: draft
[05-May-2026 09:31:03 Asia/Ho_Chi_Minh]   created_by: 3
[05-May-2026 09:31:03 Asia/Ho_Chi_Minh] Quotation inserted successfully with ID: 29
[05-May-2026 09:31:03 Asia/Ho_Chi_Minh] Preparing quotation items insert...
[05-May-2026 09:31:03 Asia/Ho_Chi_Minh] Inserting 4 items...
[05-May-2026 09:31:03 Asia/Ho_Chi_Minh] Item 0 - code: Thông quan, desc: CUSTOMS CLEARANCE, price: 500000, qty: 1
[05-May-2026 09:31:03 Asia/Ho_Chi_Minh] Item 0 inserted successfully
[05-May-2026 09:31:03 Asia/Ho_Chi_Minh] Item 1 - code: Thông quan, desc: CUSTOMS CLEARANCE, price: 400000, qty: 1
[05-May-2026 09:31:03 Asia/Ho_Chi_Minh] Item 1 inserted successfully
[05-May-2026 09:31:03 Asia/Ho_Chi_Minh] Item 2 - code: Kiểm hóa, desc: INSPECTION FEE, price: 600000, qty: 1
[05-May-2026 09:31:03 Asia/Ho_Chi_Minh] Item 2 inserted successfully
[05-May-2026 09:31:03 Asia/Ho_Chi_Minh] Item 3 - code: Phí xử lý hàng hóa, desc: HANDLING, price: 400000, qty: 1
[05-May-2026 09:31:03 Asia/Ho_Chi_Minh] Item 3 inserted successfully
[05-May-2026 09:31:03 Asia/Ho_Chi_Minh] All items inserted successfully
[05-May-2026 09:31:03 Asia/Ho_Chi_Minh] Transaction committed successfully
[12-May-2026 12:06:12 Asia/Ho_Chi_Minh] === FORM SUBMISSION ===
[12-May-2026 12:06:12 Asia/Ho_Chi_Minh] quotation_no: BG-2026-023
[12-May-2026 12:06:12 Asia/Ho_Chi_Minh] customer_id: 5
[12-May-2026 12:06:12 Asia/Ho_Chi_Minh] status: draft
[12-May-2026 12:06:12 Asia/Ho_Chi_Minh] created_by: 5
[12-May-2026 12:06:12 Asia/Ho_Chi_Minh] Total items: 6
[12-May-2026 12:06:12 Asia/Ho_Chi_Minh] Starting database transaction...
[12-May-2026 12:06:12 Asia/Ho_Chi_Minh] Preparing quotation insert...
[12-May-2026 12:06:12 Asia/Ho_Chi_Minh] Executing quotation with array parameters...
[12-May-2026 12:06:12 Asia/Ho_Chi_Minh]   quotation_no: BG-2026-023
[12-May-2026 12:06:12 Asia/Ho_Chi_Minh]   customer_id: 5
[12-May-2026 12:06:12 Asia/Ho_Chi_Minh]   issue_date: 2026-05-12
[12-May-2026 12:06:12 Asia/Ho_Chi_Minh]   valid_until: 2026-05-20
[12-May-2026 12:06:12 Asia/Ho_Chi_Minh]   currency: USD
[12-May-2026 12:06:12 Asia/Ho_Chi_Minh]   exchange_rate: 1
[12-May-2026 12:06:12 Asia/Ho_Chi_Minh]   pol: PVG (SHANGHAI)
[12-May-2026 12:06:12 Asia/Ho_Chi_Minh]   pod: HANOI, VIETNAM
[12-May-2026 12:06:12 Asia/Ho_Chi_Minh]   shipper: 
[12-May-2026 12:06:12 Asia/Ho_Chi_Minh]   packages: 14
[12-May-2026 12:06:12 Asia/Ho_Chi_Minh]   gw: 224
[12-May-2026 12:06:12 Asia/Ho_Chi_Minh]   cw: 255
[12-May-2026 12:06:12 Asia/Ho_Chi_Minh]   notes: 
[12-May-2026 12:06:12 Asia/Ho_Chi_Minh]   status: draft
[12-May-2026 12:06:12 Asia/Ho_Chi_Minh]   created_by: 5
[12-May-2026 12:06:12 Asia/Ho_Chi_Minh] Quotation inserted successfully with ID: 33
[12-May-2026 12:06:12 Asia/Ho_Chi_Minh] Preparing quotation items insert...
[12-May-2026 12:06:12 Asia/Ho_Chi_Minh] Inserting 6 items...
[12-May-2026 12:06:12 Asia/Ho_Chi_Minh] Item 0 - code: FREIGHT, desc: Cước Vận Chuyển Quốc Tế, price: 1.9, qty: 255
[12-May-2026 12:06:12 Asia/Ho_Chi_Minh] Item 0 inserted successfully
[12-May-2026 12:06:12 Asia/Ho_Chi_Minh] Item 1 - code: CUSTOMS, desc: CUSTOMS CLEARANCE, price: 60, qty: 1
[12-May-2026 12:06:12 Asia/Ho_Chi_Minh] Item 1 inserted successfully
[12-May-2026 12:06:12 Asia/Ho_Chi_Minh] Item 2 - code: HANDLING, desc: HANDLING, price: 75, qty: 1
[12-May-2026 12:06:12 Asia/Ho_Chi_Minh] Item 2 inserted successfully
[12-May-2026 12:06:12 Asia/Ho_Chi_Minh] Item 3 - code: THC, desc: TERMINAL HANDLING CHARGES, price: 50, qty: 1
[12-May-2026 12:06:12 Asia/Ho_Chi_Minh] Item 3 inserted successfully
[12-May-2026 12:06:12 Asia/Ho_Chi_Minh] Item 4 - code: TRUCKING, desc: TRUCKING FEE, price: 125, qty: 1
[12-May-2026 12:06:12 Asia/Ho_Chi_Minh] Item 4 inserted successfully
[12-May-2026 12:06:12 Asia/Ho_Chi_Minh] Item 5 - code: INSPECTION, desc: INSPECTION FEE (if any), price: 0, qty: 1
[12-May-2026 12:06:12 Asia/Ho_Chi_Minh] Item 5 inserted successfully
[12-May-2026 12:06:12 Asia/Ho_Chi_Minh] All items inserted successfully
[12-May-2026 12:06:12 Asia/Ho_Chi_Minh] Transaction committed successfully
[27-May-2026 11:32:02 Asia/Ho_Chi_Minh] === FORM SUBMISSION ===
[27-May-2026 11:32:02 Asia/Ho_Chi_Minh] quotation_no: BG-2026-025
[27-May-2026 11:32:02 Asia/Ho_Chi_Minh] customer_id: 80
[27-May-2026 11:32:02 Asia/Ho_Chi_Minh] status: draft
[27-May-2026 11:32:02 Asia/Ho_Chi_Minh] created_by: 5
[27-May-2026 11:32:02 Asia/Ho_Chi_Minh] Total items: 1
[27-May-2026 11:32:02 Asia/Ho_Chi_Minh] Starting database transaction...
[27-May-2026 11:32:02 Asia/Ho_Chi_Minh] Preparing quotation insert...
[27-May-2026 11:32:02 Asia/Ho_Chi_Minh] Executing quotation with array parameters...
[27-May-2026 11:32:02 Asia/Ho_Chi_Minh]   quotation_no: BG-2026-025
[27-May-2026 11:32:02 Asia/Ho_Chi_Minh]   customer_id: 80
[27-May-2026 11:32:02 Asia/Ho_Chi_Minh]   issue_date: 2026-05-01
[27-May-2026 11:32:02 Asia/Ho_Chi_Minh]   valid_until: 2026-05-30
[27-May-2026 11:32:02 Asia/Ho_Chi_Minh]   currency: USD
[27-May-2026 11:32:02 Asia/Ho_Chi_Minh]   exchange_rate: 1
[27-May-2026 11:32:02 Asia/Ho_Chi_Minh]   pol: 
[27-May-2026 11:32:02 Asia/Ho_Chi_Minh]   pod: 
[27-May-2026 11:32:02 Asia/Ho_Chi_Minh]   shipper: 
[27-May-2026 11:32:02 Asia/Ho_Chi_Minh]   packages: NULL
[27-May-2026 11:32:02 Asia/Ho_Chi_Minh]   gw: NULL
[27-May-2026 11:32:02 Asia/Ho_Chi_Minh]   cw: NULL
[27-May-2026 11:32:02 Asia/Ho_Chi_Minh]   notes: 
[27-May-2026 11:32:02 Asia/Ho_Chi_Minh]   status: draft
[27-May-2026 11:32:02 Asia/Ho_Chi_Minh]   created_by: 5
[27-May-2026 11:32:02 Asia/Ho_Chi_Minh] Quotation inserted successfully with ID: 35
[27-May-2026 11:32:02 Asia/Ho_Chi_Minh] Preparing quotation items insert...
[27-May-2026 11:32:02 Asia/Ho_Chi_Minh] Inserting 1 items...
[27-May-2026 11:32:02 Asia/Ho_Chi_Minh] Item 0 - code: CUSTOMS, desc: CUSTOMS CLEARANCE, price: 1000000, qty: 1
[27-May-2026 11:32:02 Asia/Ho_Chi_Minh] Item 0 inserted successfully
[27-May-2026 11:32:02 Asia/Ho_Chi_Minh] All items inserted successfully
[27-May-2026 11:32:02 Asia/Ho_Chi_Minh] Transaction committed successfully
[28-May-2026 17:48:17 Asia/Ho_Chi_Minh] === FORM SUBMISSION ===
[28-May-2026 17:48:17 Asia/Ho_Chi_Minh] quotation_no: BG-2026-026
[28-May-2026 17:48:17 Asia/Ho_Chi_Minh] customer_id: 81
[28-May-2026 17:48:17 Asia/Ho_Chi_Minh] status: draft
[28-May-2026 17:48:17 Asia/Ho_Chi_Minh] created_by: 3
[28-May-2026 17:48:17 Asia/Ho_Chi_Minh] Total items: 5
[28-May-2026 17:48:17 Asia/Ho_Chi_Minh] Starting database transaction...
[28-May-2026 17:48:17 Asia/Ho_Chi_Minh] Preparing quotation insert...
[28-May-2026 17:48:17 Asia/Ho_Chi_Minh] Executing quotation with array parameters...
[28-May-2026 17:48:17 Asia/Ho_Chi_Minh]   quotation_no: BG-2026-026
[28-May-2026 17:48:17 Asia/Ho_Chi_Minh]   customer_id: 81
[28-May-2026 17:48:17 Asia/Ho_Chi_Minh]   issue_date: 2026-05-28
[28-May-2026 17:48:17 Asia/Ho_Chi_Minh]   valid_until: 2026-06-15
[28-May-2026 17:48:17 Asia/Ho_Chi_Minh]   currency: USD
[28-May-2026 17:48:17 Asia/Ho_Chi_Minh]   exchange_rate: 1
[28-May-2026 17:48:17 Asia/Ho_Chi_Minh]   pol: TWTPE
[28-May-2026 17:48:17 Asia/Ho_Chi_Minh]   pod: VNHAN
[28-May-2026 17:48:17 Asia/Ho_Chi_Minh]   shipper: 
[28-May-2026 17:48:17 Asia/Ho_Chi_Minh]   packages: NULL
[28-May-2026 17:48:17 Asia/Ho_Chi_Minh]   gw: NULL
[28-May-2026 17:48:17 Asia/Ho_Chi_Minh]   cw: NULL
[28-May-2026 17:48:17 Asia/Ho_Chi_Minh]   notes: 
[28-May-2026 17:48:17 Asia/Ho_Chi_Minh]   status: draft
[28-May-2026 17:48:17 Asia/Ho_Chi_Minh]   created_by: 3
[28-May-2026 17:48:17 Asia/Ho_Chi_Minh] Quotation inserted successfully with ID: 36
[28-May-2026 17:48:17 Asia/Ho_Chi_Minh] Preparing quotation items insert...
[28-May-2026 17:48:17 Asia/Ho_Chi_Minh] Inserting 5 items...
[28-May-2026 17:48:17 Asia/Ho_Chi_Minh] Item 0 - code: CUSTOMS, desc: CUSTOMS CLEARANCE, price: 40, qty: 1
[28-May-2026 17:48:17 Asia/Ho_Chi_Minh] Item 0 inserted successfully
[28-May-2026 17:48:17 Asia/Ho_Chi_Minh] Item 1 - code: INSPECTION, desc: INSPECTION FEE, price: 40, qty: 1
[28-May-2026 17:48:17 Asia/Ho_Chi_Minh] Item 1 inserted successfully
[28-May-2026 17:48:17 Asia/Ho_Chi_Minh] Item 2 - code: HANDLING, desc: HANDLING, price: 20, qty: 1
[28-May-2026 17:48:17 Asia/Ho_Chi_Minh] Item 2 inserted successfully
[28-May-2026 17:48:17 Asia/Ho_Chi_Minh] Item 3 - code: CUSTOMS TRANSIT, desc: CUSTOMS TRANSIT, price: 10, qty: 1
[28-May-2026 17:48:17 Asia/Ho_Chi_Minh] Item 3 inserted successfully
[28-May-2026 17:48:17 Asia/Ho_Chi_Minh] Item 4 - code: FREIGHT, desc: Cước Vận Chuyển Quốc Tế, price: 200, qty: 1
[28-May-2026 17:48:17 Asia/Ho_Chi_Minh] Item 4 inserted successfully
[28-May-2026 17:48:17 Asia/Ho_Chi_Minh] All items inserted successfully
[28-May-2026 17:48:17 Asia/Ho_Chi_Minh] Transaction committed successfully
[03-Jun-2026 14:40:14 Asia/Ho_Chi_Minh] === FORM SUBMISSION ===
[03-Jun-2026 14:40:14 Asia/Ho_Chi_Minh] quotation_no: BG-2026-031
[03-Jun-2026 14:40:14 Asia/Ho_Chi_Minh] customer_id: 65
[03-Jun-2026 14:40:14 Asia/Ho_Chi_Minh] status: draft
[03-Jun-2026 14:40:14 Asia/Ho_Chi_Minh] created_by: 5
[03-Jun-2026 14:40:14 Asia/Ho_Chi_Minh] Total items: 2
[03-Jun-2026 14:40:14 Asia/Ho_Chi_Minh] Starting database transaction...
[03-Jun-2026 14:40:14 Asia/Ho_Chi_Minh] Preparing quotation insert...
[03-Jun-2026 14:40:14 Asia/Ho_Chi_Minh] Executing quotation with array parameters...
[03-Jun-2026 14:40:14 Asia/Ho_Chi_Minh]   quotation_no: BG-2026-031
[03-Jun-2026 14:40:14 Asia/Ho_Chi_Minh]   customer_id: 65
[03-Jun-2026 14:40:14 Asia/Ho_Chi_Minh]   issue_date: 2026-06-03
[03-Jun-2026 14:40:14 Asia/Ho_Chi_Minh]   valid_until: 2026-06-30
[03-Jun-2026 14:40:14 Asia/Ho_Chi_Minh]   currency: VND
[03-Jun-2026 14:40:14 Asia/Ho_Chi_Minh]   exchange_rate: 1
[03-Jun-2026 14:40:14 Asia/Ho_Chi_Minh]   pol: Bến Lức - Tây Ninh
[03-Jun-2026 14:40:14 Asia/Ho_Chi_Minh]   pod: Long Bình - Đồng Nai
[03-Jun-2026 14:40:14 Asia/Ho_Chi_Minh]   shipper: PEACE - LON VIETNAM
[03-Jun-2026 14:40:14 Asia/Ho_Chi_Minh]   packages: 2
[03-Jun-2026 14:40:14 Asia/Ho_Chi_Minh]   gw: 351
[03-Jun-2026 14:40:14 Asia/Ho_Chi_Minh]   cw: 351
[03-Jun-2026 14:40:14 Asia/Ho_Chi_Minh]   notes: 
[03-Jun-2026 14:40:14 Asia/Ho_Chi_Minh]   status: draft
[03-Jun-2026 14:40:14 Asia/Ho_Chi_Minh]   created_by: 5
[03-Jun-2026 14:40:14 Asia/Ho_Chi_Minh] Quotation inserted successfully with ID: 41
[03-Jun-2026 14:40:14 Asia/Ho_Chi_Minh] Preparing quotation items insert...
[03-Jun-2026 14:40:14 Asia/Ho_Chi_Minh] Inserting 2 items...
[03-Jun-2026 14:40:14 Asia/Ho_Chi_Minh] Item 0 - code: CUSTOMS, desc: CUSTOMS CLEARANCE, price: 1150000, qty: 1
[03-Jun-2026 14:40:14 Asia/Ho_Chi_Minh] Item 0 inserted successfully
[03-Jun-2026 14:40:14 Asia/Ho_Chi_Minh] Item 1 - code: TRUCKING, desc: TRUCKING FEE, price: 2600000, qty: 1
[03-Jun-2026 14:40:14 Asia/Ho_Chi_Minh] Item 1 inserted successfully
[03-Jun-2026 14:40:14 Asia/Ho_Chi_Minh] All items inserted successfully
[03-Jun-2026 14:40:14 Asia/Ho_Chi_Minh] Transaction committed successfully
[11-Jun-2026 15:23:46 Asia/Ho_Chi_Minh] === FORM SUBMISSION ===
[11-Jun-2026 15:23:46 Asia/Ho_Chi_Minh] quotation_no: BG-2026-033
[11-Jun-2026 15:23:46 Asia/Ho_Chi_Minh] customer_id: 24
[11-Jun-2026 15:23:46 Asia/Ho_Chi_Minh] status: draft
[11-Jun-2026 15:23:46 Asia/Ho_Chi_Minh] created_by: 5
[11-Jun-2026 15:23:46 Asia/Ho_Chi_Minh] Total items: 6
[11-Jun-2026 15:23:46 Asia/Ho_Chi_Minh] Starting database transaction...
[11-Jun-2026 15:23:46 Asia/Ho_Chi_Minh] Preparing quotation insert...
[11-Jun-2026 15:23:46 Asia/Ho_Chi_Minh] Executing quotation with array parameters...
[11-Jun-2026 15:23:46 Asia/Ho_Chi_Minh]   quotation_no: BG-2026-033
[11-Jun-2026 15:23:46 Asia/Ho_Chi_Minh]   customer_id: 24
[11-Jun-2026 15:23:46 Asia/Ho_Chi_Minh]   issue_date: 2026-06-11
[11-Jun-2026 15:23:46 Asia/Ho_Chi_Minh]   valid_until: 2026-06-18
[11-Jun-2026 15:23:46 Asia/Ho_Chi_Minh]   currency: USD
[11-Jun-2026 15:23:46 Asia/Ho_Chi_Minh]   exchange_rate: 1
[11-Jun-2026 15:23:46 Asia/Ho_Chi_Minh]   pol: FRA
[11-Jun-2026 15:23:46 Asia/Ho_Chi_Minh]   pod: HAN
[11-Jun-2026 15:23:46 Asia/Ho_Chi_Minh]   shipper: 
[11-Jun-2026 15:23:46 Asia/Ho_Chi_Minh]   packages: 1
[11-Jun-2026 15:23:46 Asia/Ho_Chi_Minh]   gw: 220
[11-Jun-2026 15:23:46 Asia/Ho_Chi_Minh]   cw: 220
[11-Jun-2026 15:23:46 Asia/Ho_Chi_Minh]   notes: 
[11-Jun-2026 15:23:46 Asia/Ho_Chi_Minh]   status: draft
[11-Jun-2026 15:23:46 Asia/Ho_Chi_Minh]   created_by: 5
[11-Jun-2026 15:23:46 Asia/Ho_Chi_Minh] Quotation inserted successfully with ID: 43
[11-Jun-2026 15:23:46 Asia/Ho_Chi_Minh] Preparing quotation items insert...
[11-Jun-2026 15:23:46 Asia/Ho_Chi_Minh] Inserting 6 items...
[11-Jun-2026 15:23:46 Asia/Ho_Chi_Minh] Item 0 - code: FREIGHT, desc: Cước Vận Chuyển Quốc Tế, price: 6.5, qty: 220
[11-Jun-2026 15:23:46 Asia/Ho_Chi_Minh] Item 0 inserted successfully
[11-Jun-2026 15:23:46 Asia/Ho_Chi_Minh] Item 1 - code: THC, desc: TERMINAL HANDLING CHARGES (0.3 eur/kg, Min 50Eur), price: 66, qty: 1
[11-Jun-2026 15:23:46 Asia/Ho_Chi_Minh] Item 1 inserted successfully
[11-Jun-2026 15:23:46 Asia/Ho_Chi_Minh] Item 2 - code: HANDLING, desc: HANDLING, price: 50, qty: 1
[11-Jun-2026 15:23:46 Asia/Ho_Chi_Minh] Item 2 inserted successfully
[11-Jun-2026 15:23:46 Asia/Ho_Chi_Minh] Item 3 - code: DOC, desc: K-AMS FEE, price: 20, qty: 1
[11-Jun-2026 15:23:46 Asia/Ho_Chi_Minh] Item 3 inserted successfully
[11-Jun-2026 15:23:46 Asia/Ho_Chi_Minh] Item 4 - code: DO, desc: X-RAY FEE (0.2 eur/kg, Min 50Eur), price: 50, qty: 1
[11-Jun-2026 15:23:46 Asia/Ho_Chi_Minh] Item 4 inserted successfully
[11-Jun-2026 15:23:46 Asia/Ho_Chi_Minh] Item 5 - code: TRUCKING, desc: TRUCKING FEE, price: 330, qty: 1
[11-Jun-2026 15:23:46 Asia/Ho_Chi_Minh] Item 5 inserted successfully
[11-Jun-2026 15:23:46 Asia/Ho_Chi_Minh] All items inserted successfully
[11-Jun-2026 15:23:46 Asia/Ho_Chi_Minh] Transaction committed successfully
[19-Jun-2026 20:38:48 Asia/Ho_Chi_Minh] === FORM SUBMISSION ===
[19-Jun-2026 20:38:48 Asia/Ho_Chi_Minh] quotation_no: BG-2026-034
[19-Jun-2026 20:38:48 Asia/Ho_Chi_Minh] customer_id: 31
[19-Jun-2026 20:38:48 Asia/Ho_Chi_Minh] status: draft
[19-Jun-2026 20:38:48 Asia/Ho_Chi_Minh] created_by: 5
[19-Jun-2026 20:38:48 Asia/Ho_Chi_Minh] Total items: 6
[19-Jun-2026 20:38:48 Asia/Ho_Chi_Minh] Starting database transaction...
[19-Jun-2026 20:38:48 Asia/Ho_Chi_Minh] Preparing quotation insert...
[19-Jun-2026 20:38:48 Asia/Ho_Chi_Minh] Executing quotation with array parameters...
[19-Jun-2026 20:38:48 Asia/Ho_Chi_Minh]   quotation_no: BG-2026-034
[19-Jun-2026 20:38:48 Asia/Ho_Chi_Minh]   customer_id: 31
[19-Jun-2026 20:38:48 Asia/Ho_Chi_Minh]   issue_date: 2026-06-19
[19-Jun-2026 20:38:48 Asia/Ho_Chi_Minh]   valid_until: 2026-12-31
[19-Jun-2026 20:38:48 Asia/Ho_Chi_Minh]   currency: USD
[19-Jun-2026 20:38:48 Asia/Ho_Chi_Minh]   exchange_rate: 1
[19-Jun-2026 20:38:48 Asia/Ho_Chi_Minh]   pol: 
[19-Jun-2026 20:38:48 Asia/Ho_Chi_Minh]   pod: 
[19-Jun-2026 20:38:48 Asia/Ho_Chi_Minh]   shipper: 
[19-Jun-2026 20:38:48 Asia/Ho_Chi_Minh]   packages: NULL
[19-Jun-2026 20:38:48 Asia/Ho_Chi_Minh]   gw: NULL
[19-Jun-2026 20:38:48 Asia/Ho_Chi_Minh]   cw: NULL
[19-Jun-2026 20:38:48 Asia/Ho_Chi_Minh]   notes: 
[19-Jun-2026 20:38:48 Asia/Ho_Chi_Minh]   status: draft
[19-Jun-2026 20:38:48 Asia/Ho_Chi_Minh]   created_by: 5
[19-Jun-2026 20:38:48 Asia/Ho_Chi_Minh] Quotation inserted successfully with ID: 44
[19-Jun-2026 20:38:48 Asia/Ho_Chi_Minh] Preparing quotation items insert...
[19-Jun-2026 20:38:48 Asia/Ho_Chi_Minh] Inserting 6 items...
[19-Jun-2026 20:38:48 Asia/Ho_Chi_Minh] Item 0 - code: CUSTOMS, desc: Phí Thông Quan Tờ khai Đầu Tiên, price: 50, qty: 1
[19-Jun-2026 20:38:48 Asia/Ho_Chi_Minh] Item 0 inserted successfully
[19-Jun-2026 20:38:48 Asia/Ho_Chi_Minh] Item 1 - code: , desc: Phí Thông Quan Tờ khai thứ 2 trở đi, price: 16, qty: 1
[19-Jun-2026 20:38:48 Asia/Ho_Chi_Minh] Item 1 inserted successfully
[19-Jun-2026 20:38:48 Asia/Ho_Chi_Minh] Item 2 - code: , desc: Phí Handling, price: 55, qty: 1
[19-Jun-2026 20:38:48 Asia/Ho_Chi_Minh] Item 2 inserted successfully
[19-Jun-2026 20:38:48 Asia/Ho_Chi_Minh] Item 3 - code: , desc: Phí D/O, price: 25, qty: 1
[19-Jun-2026 20:38:48 Asia/Ho_Chi_Minh] Item 3 inserted successfully
[19-Jun-2026 20:38:48 Asia/Ho_Chi_Minh] Item 4 - code: , desc: Phí Vận chuyển từ SCSC/TCS về HUB, price: 45, qty: 1
[19-Jun-2026 20:38:48 Asia/Ho_Chi_Minh] Item 4 inserted successfully
[19-Jun-2026 20:38:48 Asia/Ho_Chi_Minh] Item 5 - code: , desc: Phí phát sinh thêm điểm giao hàng, price: 10, qty: 1
[19-Jun-2026 20:38:48 Asia/Ho_Chi_Minh] Item 5 inserted successfully
[19-Jun-2026 20:38:48 Asia/Ho_Chi_Minh] All items inserted successfully
[19-Jun-2026 20:38:48 Asia/Ho_Chi_Minh] Transaction committed successfully
